<?xml version="1.0" encoding="UTF-8"?>
<!-- Generated by org.testng.reporters.JUnitReportReporter -->
<testsuite hostname="hp-PC" name="com.employee.testcases.TC004GetRequest" tests="2" failures="0" timestamp="29 Mar 2020 10:46:49 GMT" time="6.016" errors="0">
  <testcase name="verifyResponseBody" time="3.011" classname="com.employee.testcases.TC004GetRequest"/>
  <testcase name="verifyStatusCode" time="3.005" classname="com.employee.testcases.TC004GetRequest"/>
</testsuite> <!-- com.employee.testcases.TC004GetRequest -->
