<?xml version="1.0" encoding="UTF-8"?>
<!-- Generated by org.testng.reporters.JUnitReportReporter -->
<testsuite hostname="hp-PC" name="com.employee.testcases.TC002PostRequest" tests="2" failures="0" timestamp="29 Mar 2020 10:46:49 GMT" time="6.005" errors="0">
  <testcase name="verifyStatusCode" time="3.002" classname="com.employee.testcases.TC002PostRequest"/>
  <testcase name="verifyResponseBody" time="3.003" classname="com.employee.testcases.TC002PostRequest"/>
</testsuite> <!-- com.employee.testcases.TC002PostRequest -->
