<?xml version="1.0" encoding="UTF-8"?>
<!-- Generated by org.testng.reporters.JUnitReportReporter -->
<testsuite hostname="hp-PC" name="com.employee.testcases.TC003GetRequest" tests="2" failures="0" timestamp="29 Mar 2020 10:46:49 GMT" time="6.003" errors="0">
  <testcase name="verifyResponseBody" time="3.002" classname="com.employee.testcases.TC003GetRequest"/>
  <testcase name="verifyStatusCode" time="3.001" classname="com.employee.testcases.TC003GetRequest"/>
</testsuite> <!-- com.employee.testcases.TC003GetRequest -->
