<?xml version="1.0" encoding="UTF-8"?>
<!-- Generated by org.testng.reporters.JUnitReportReporter -->
<testsuite hostname="hp-PC" name="com.employee.testcases.TC001GetRequest" tests="6" failures="0" timestamp="29 Mar 2020 10:46:49 GMT" time="18.063" errors="0">
  <testcase name="verifyContentEncoding" time="3.004" classname="com.employee.testcases.TC001GetRequest"/>
  <testcase name="verifyResponseBody" time="3.040" classname="com.employee.testcases.TC001GetRequest"/>
  <testcase name="verifyStatusLine" time="3.001" classname="com.employee.testcases.TC001GetRequest"/>
  <testcase name="fetchHeaders" time="3.013" classname="com.employee.testcases.TC001GetRequest"/>
  <testcase name="verifyStatusCode" time="3.001" classname="com.employee.testcases.TC001GetRequest"/>
  <testcase name="verifyContentLength" time="3.004" classname="com.employee.testcases.TC001GetRequest"/>
</testsuite> <!-- com.employee.testcases.TC001GetRequest -->
